# JRE version: Java(TM) SE Runtime Environment (8.0_25-b18) (build 1.8.0_25-b18)
# Java VM: Java HotSpot(TM) 64-Bit Server VM (25.25-b02 mixed mode windows-amd64 compressed oops)
Heap:
 par new generation   total 28416K, used 14243K [0x00000000c0000000, 0x00000000c1ed0000, 0x00000000ca660000)
  eden space 25280K,  56% used [0x00000000c0000000, 0x00000000c0de8e58, 0x00000000c18b0000)
  from space 3136K,   0% used [0x00000000c1bc0000, 0x00000000c1bc0000, 0x00000000c1ed0000)
  to   space 3136K,   0% used [0x00000000c18b0000, 0x00000000c18b0000, 0x00000000c1bc0000)
 concurrent mark-sweep generation total 62920K, used 28369K [0x00000000ca660000, 0x00000000ce3d2000, 0x0000000100000000)
 Metaspace       used 23298K, capacity 23718K, committed 23808K, reserved 1071104K
  class space    used 2934K, capacity 3052K, committed 3072K, reserved 1048576K
GC Heap History (10 events):
Event: 55.521 GC heap before
{Heap before GC invocations=140 (full 20):
 par new generation   total 28416K, used 1532K [0x00000000c0000000, 0x00000000c1ed0000, 0x00000000ca660000)
  eden space 25280K,   6% used [0x00000000c0000000, 0x00000000c017f100, 0x00000000c18b0000)
  from space 3136K,   0% used [0x00000000c18b0000, 0x00000000c18b0000, 0x00000000c1bc0000)
  to   space 3136K,   0% used [0x00000000c1bc0000, 0x00000000c1bc0000, 0x00000000c1ed0000)
 concurrent mark-sweep generation total 62920K, used 28849K [0x00000000ca660000, 0x00000000ce3d2000, 0x0000000100000000)
 Metaspace       used 18837K, capacity 19088K, committed 19328K, reserved 1067008K
  class space    used 2254K, capacity 2349K, committed 2432K, reserved 1048576K
Event: 55.700 GC heap after
Heap after GC invocations=141 (full 21):
 par new generation   total 28416K, used 0K [0x00000000c0000000, 0x00000000c1ed0000, 0x00000000ca660000)
  eden space 25280K,   0% used [0x00000000c0000000, 0x00000000c0000000, 0x00000000c18b0000)
  from space 3136K,   0% used [0x00000000c18b0000, 0x00000000c18b0000, 0x00000000c1bc0000)
  to   space 3136K,   0% used [0x00000000c1bc0000, 0x00000000c1bc0000, 0x00000000c1ed0000)
 concurrent mark-sweep generation total 62920K, used 28782K [0x00000000ca660000, 0x00000000ce3d2000, 0x0000000100000000)
 Metaspace       used 18837K, capacity 19088K, committed 19328K, reserved 1067008K
  class space    used 2254K, capacity 2349K, committed 2432K, reserved 1048576K
}
Event: 59.079 GC heap before
{Heap before GC invocations=141 (full 21):
 par new generation   total 28416K, used 25280K [0x00000000c0000000, 0x00000000c1ed0000, 0x00000000ca660000)
  eden space 25280K, 100% used [0x00000000c0000000, 0x00000000c18b0000, 0x00000000c18b0000)
  from space 3136K,   0% used [0x00000000c18b0000, 0x00000000c18b0000, 0x00000000c1bc0000)
  to   space 3136K,   0% used [0x00000000c1bc0000, 0x00000000c1bc0000, 0x00000000c1ed0000)
 concurrent mark-sweep generation total 62920K, used 28782K [0x00000000ca660000, 0x00000000ce3d2000, 0x0000000100000000)
 Metaspace       used 18871K, capacity 19094K, committed 19328K, reserved 1067008K
  class space    used 2256K, capacity 2350K, committed 2432K, reserved 1048576K
Event: 59.084 GC heap after
Heap after GC invocations=142 (full 21):
 par new generation   total 28416K, used 574K [0x00000000c0000000, 0x00000000c1ed0000, 0x00000000ca660000)
  eden space 25280K,   0% used [0x00000000c0000000, 0x00000000c0000000, 0x00000000c18b0000)
  from space 3136K,  18% used [0x00000000c1bc0000, 0x00000000c1c4f850, 0x00000000c1ed0000)
  to   space 3136K,   0% used [0x00000000c18b0000, 0x00000000c18b0000, 0x00000000c1bc0000)
 concurrent mark-sweep generation total 62920K, used 28782K [0x00000000ca660000, 0x00000000ce3d2000, 0x0000000100000000)
 Metaspace       used 18871K, capacity 19094K, committed 19328K, reserved 1067008K
  class space    used 2256K, capacity 2350K, committed 2432K, reserved 1048576K
}
Event: 59.521 GC heap before
{Heap before GC invocations=142 (full 21):
 par new generation   total 28416K, used 15689K [0x00000000c0000000, 0x00000000c1ed0000, 0x00000000ca660000)
  eden space 25280K,  59% used [0x00000000c0000000, 0x00000000c0ec2d58, 0x00000000c18b0000)
  from space 3136K,  18% used [0x00000000c1bc0000, 0x00000000c1c4f850, 0x00000000c1ed0000)
  to   space 3136K,   0% used [0x00000000c18b0000, 0x00000000c18b0000, 0x00000000c1bc0000)
 concurrent mark-sweep generation total 62920K, used 28782K [0x00000000ca660000, 0x00000000ce3d2000, 0x0000000100000000)
 Metaspace       used 18878K, capacity 19158K, committed 19328K, reserved 1067008K
  class space    used 2257K, capacity 2350K, committed 2432K, reserved 1048576K
Event: 59.609 GC heap after
Heap after GC invocations=143 (full 22):
 par new generation   total 28416K, used 0K [0x00000000c0000000, 0x00000000c1ed0000, 0x00000000ca660000)
  eden space 25280K,   0% used [0x00000000c0000000, 0x00000000c0000000, 0x00000000c18b0000)
  from space 3136K,   0% used [0x00000000c1bc0000, 0x00000000c1bc0000, 0x00000000c1ed0000)
  to   space 3136K,   0% used [0x00000000c18b0000, 0x00000000c18b0000, 0x00000000c1bc0000)
 concurrent mark-sweep generation total 62920K, used 29092K [0x00000000ca660000, 0x00000000ce3d2000, 0x0000000100000000)
 Metaspace       used 18878K, capacity 19158K, committed 19328K, reserved 1067008K
  class space    used 2257K, capacity 2350K, committed 2432K, reserved 1048576K
}
Event: 61.284 GC heap before
{Heap before GC invocations=143 (full 22):
 par new generation   total 28416K, used 1383K [0x00000000c0000000, 0x00000000c1ed0000, 0x00000000ca660000)
  eden space 25280K,   5% used [0x00000000c0000000, 0x00000000c0159e08, 0x00000000c18b0000)
  from space 3136K,   0% used [0x00000000c1bc0000, 0x00000000c1bc0000, 0x00000000c1ed0000)
  to   space 3136K,   0% used [0x00000000c18b0000, 0x00000000c18b0000, 0x00000000c1bc0000)
 concurrent mark-sweep generation total 62920K, used 29092K [0x00000000ca660000, 0x00000000ce3d2000, 0x0000000100000000)
 Metaspace       used 18897K, capacity 19158K, committed 19328K, reserved 1067008K
  class space    used 2257K, capacity 2350K, committed 2432K, reserved 1048576K
Event: 61.421 GC heap after
Heap after GC invocations=144 (full 23):
 par new generation   total 28416K, used 0K [0x00000000c0000000, 0x00000000c1ed0000, 0x00000000ca660000)
  eden space 25280K,   0% used [0x00000000c0000000, 0x00000000c0000000, 0x00000000c18b0000)
  from space 3136K,   0% used [0x00000000c1bc0000, 0x00000000c1bc0000, 0x00000000c1ed0000)
  to   space 3136K,   0% used [0x00000000c18b0000, 0x00000000c18b0000, 0x00000000c1bc0000)
 concurrent mark-sweep generation total 62920K, used 29085K [0x00000000ca660000, 0x00000000ce3d2000, 0x0000000100000000)
 Metaspace       used 18897K, capacity 19158K, committed 19328K, reserved 1067008K
  class space    used 2257K, capacity 2350K, committed 2432K, reserved 1048576K
}
Event: 69.773 GC heap before
{Heap before GC invocations=144 (full 24):
 par new generation   total 28416K, used 6527K [0x00000000c0000000, 0x00000000c1ed0000, 0x00000000ca660000)
  eden space 25280K,  25% used [0x00000000c0000000, 0x00000000c065fd00, 0x00000000c18b0000)
  from space 3136K,   0% used [0x00000000c1bc0000, 0x00000000c1bc0000, 0x00000000c1ed0000)
  to   space 3136K,   0% used [0x00000000c18b0000, 0x00000000c18b0000, 0x00000000c1bc0000)
 concurrent mark-sweep generation total 62920K, used 29085K [0x00000000ca660000, 0x00000000ce3d2000, 0x0000000100000000)
 Metaspace       used 19808K, capacity 20090K, committed 20224K, reserved 1067008K
  class space    used 2397K, capacity 2484K, committed 2560K, reserved 1048576K
Event: 69.842 GC heap after
Heap after GC invocations=145 (full 25):
 par new generation   total 28416K, used 0K [0x00000000c0000000, 0x00000000c1ed0000, 0x00000000ca660000)
  eden space 25280K,   0% used [0x00000000c0000000, 0x00000000c0000000, 0x00000000c18b0000)
  from space 3136K,   0% used [0x00000000c1bc0000, 0x00000000c1bc0000, 0x00000000c1ed0000)
  to   space 3136K,   0% used [0x00000000c18b0000, 0x00000000c18b0000, 0x00000000c1bc0000)
 concurrent mark-sweep generation total 62920K, used 28369K [0x00000000ca660000, 0x00000000ce3d2000, 0x0000000100000000)
 Metaspace       used 19808K, capacity 20090K, committed 20224K, reserved 1067008K
  class space    used 2397K, capacity 2484K, committed 2560K, reserved 1048576K
}

